/home/ka/ka_itec/ka_rh5993/.local/lib/python3.12/site-packages/pydantic/_internal/_generate_schema.py:2249: UnsupportedFieldAttributeWarning: The 'repr' attribute with value False was provided to the `Field()` function, which has no effect in the context it was used. 'repr' is field-specific metadata, and can only be attached to a model field using `Annotated` metadata or by assignment. This may have happened because an `Annotated` type alias using the `type` statement was used, or if the `Field()` function was attached to a single member of a union type.
  warnings.warn(
/home/ka/ka_itec/ka_rh5993/.local/lib/python3.12/site-packages/pydantic/_internal/_generate_schema.py:2249: UnsupportedFieldAttributeWarning: The 'frozen' attribute with value True was provided to the `Field()` function, which has no effect in the context it was used. 'frozen' is field-specific metadata, and can only be attached to a model field using `Annotated` metadata or by assignment. This may have happened because an `Annotated` type alias using the `type` statement was used, or if the `Field()` function was attached to a single member of a union type.
  warnings.warn(
wandb: ERROR Error while calling W&B API: Invalid sweep config: invalid hyperparameter configuration: alpha (<Response [400]>)
Traceback (most recent call last):
  File "/home/ka/ka_itec/ka_rh5993/.local/lib/python3.12/site-packages/wandb/sdk/lib/retry.py", line 158, in __call__
    result = self._call_fn(*args, **kwargs)
             ^^^^^^^^^^^^^^^^^^^^^^^^^^^^^^
  File "/home/ka/ka_itec/ka_rh5993/.local/lib/python3.12/site-packages/wandb/sdk/internal/internal_api.py", line 398, in execute
    return self.client.execute(*args, **kwargs)  # type: ignore
           ^^^^^^^^^^^^^^^^^^^^^^^^^^^^^^^^^^^^
  File "/home/ka/ka_itec/ka_rh5993/.local/lib/python3.12/site-packages/wandb/vendor/gql-0.2.0/wandb_gql/client.py", line 52, in execute
    result = self._get_result(document, *args, **kwargs)
             ^^^^^^^^^^^^^^^^^^^^^^^^^^^^^^^^^^^^^^^^^^^
  File "/home/ka/ka_itec/ka_rh5993/.local/lib/python3.12/site-packages/wandb/vendor/gql-0.2.0/wandb_gql/client.py", line 60, in _get_result
    return self.transport.execute(document, *args, **kwargs)
           ^^^^^^^^^^^^^^^^^^^^^^^^^^^^^^^^^^^^^^^^^^^^^^^^^
  File "/home/ka/ka_itec/ka_rh5993/.local/lib/python3.12/site-packages/wandb/sdk/lib/gql_request.py", line 70, in execute
    request.raise_for_status()
  File "/opt/bwhpc/common/devel/miniforge/25.3.1-py3.12/lib/python3.12/site-packages/requests/models.py", line 1026, in raise_for_status
    raise HTTPError(http_error_msg, response=self)
requests.exceptions.HTTPError: 400 Client Error: Bad Request for url: https://api.wandb.ai/graphql

During handling of the above exception, another exception occurred:

Traceback (most recent call last):
  File "/pfs/data6/home/ka/ka_itec/ka_rh5993/SpikeSynth/surrogate/3_hyperparameter_search_rsnn.py", line 393, in <module>
    main()
  File "/pfs/data6/home/ka/ka_itec/ka_rh5993/SpikeSynth/surrogate/3_hyperparameter_search_rsnn.py", line 389, in main
    create_and_run_sweep(args.sweep_config, args.project, args.logging_directory, args.entity)
  File "/pfs/data6/home/ka/ka_itec/ka_rh5993/SpikeSynth/surrogate/3_hyperparameter_search_rsnn.py", line 355, in create_and_run_sweep
    sweep_id = wandb.sweep(sweep=sweep_config, project=project, entity=entity)
               ^^^^^^^^^^^^^^^^^^^^^^^^^^^^^^^^^^^^^^^^^^^^^^^^^^^^^^^^^^^^^^^
  File "/home/ka/ka_itec/ka_rh5993/.local/lib/python3.12/site-packages/wandb/sdk/wandb_sweep.py", line 87, in sweep
    sweep_id, warnings = api.upsert_sweep(sweep, prior_runs=prior_runs)
                         ^^^^^^^^^^^^^^^^^^^^^^^^^^^^^^^^^^^^^^^^^^^^^^
  File "/home/ka/ka_itec/ka_rh5993/.local/lib/python3.12/site-packages/wandb/apis/internal.py", line 139, in upsert_sweep
    return self.api.upsert_sweep(*args, **kwargs)
           ^^^^^^^^^^^^^^^^^^^^^^^^^^^^^^^^^^^^^^
  File "/home/ka/ka_itec/ka_rh5993/.local/lib/python3.12/site-packages/wandb/apis/normalize.py", line 27, in wrapper
    return func(*args, **kwargs)
           ^^^^^^^^^^^^^^^^^^^^^
  File "/home/ka/ka_itec/ka_rh5993/.local/lib/python3.12/site-packages/wandb/sdk/internal/internal_api.py", line 3371, in upsert_sweep
    response = self.gql(
               ^^^^^^^^^
  File "/home/ka/ka_itec/ka_rh5993/.local/lib/python3.12/site-packages/wandb/sdk/internal/internal_api.py", line 370, in gql
    ret = self._retry_gql(
          ^^^^^^^^^^^^^^^^
  File "/home/ka/ka_itec/ka_rh5993/.local/lib/python3.12/site-packages/wandb/sdk/lib/retry.py", line 161, in __call__
    if not retry_loop.should_retry(e):
           ^^^^^^^^^^^^^^^^^^^^^^^^^^
  File "/home/ka/ka_itec/ka_rh5993/.local/lib/python3.12/site-packages/wandb/sdk/lib/retry.py", line 276, in should_retry
    retry_check_result = self._retry_check(exception)
                         ^^^^^^^^^^^^^^^^^^^^^^^^^^^^
  File "/home/ka/ka_itec/ka_rh5993/.local/lib/python3.12/site-packages/wandb/util.py", line 913, in no_retry_4xx
    raise UsageError(body["errors"][0]["message"])
wandb.errors.errors.UsageError: Invalid sweep config: invalid hyperparameter configuration: alpha
